This is pdfTeX, Version 3.1415926-1.40.10 (TeX Live 2009/Debian) (format=pdflatex 2013.9.10)  6 JAN 2014 20:46
entering extended mode
 %&-line parsing enabled.
**TUTORIAL.tex
(./TUTORIAL.tex
LaTeX2e <2009/09/24>
Babel <v3.8l> and hyphenation patterns for english, usenglishmax, dumylang, noh
yphenation, loaded.
(/usr/share/texmf-texlive/tex/latex/base/article.cls
Document Class: article 2007/10/19 v1.4h Standard LaTeX document class
(/usr/share/texmf-texlive/tex/latex/base/size10.clo
File: size10.clo 2007/10/19 v1.4h Standard LaTeX file (size option)
)
\c@part=\count79
\c@section=\count80
\c@subsection=\count81
\c@subsubsection=\count82
\c@paragraph=\count83
\c@subparagraph=\count84
\c@figure=\count85
\c@table=\count86
\abovecaptionskip=\skip41
\belowcaptionskip=\skip42
\bibindent=\dimen102
)
(/usr/share/texmf-texlive/tex/latex/graphics/graphicx.sty
Package: graphicx 1999/02/16 v1.0f Enhanced LaTeX Graphics (DPC,SPQR)

(/usr/share/texmf-texlive/tex/latex/graphics/keyval.sty
Package: keyval 1999/03/16 v1.13 key=value parser (DPC)
\KV@toks@=\toks14
)
(/usr/share/texmf-texlive/tex/latex/graphics/graphics.sty
Package: graphics 2009/02/05 v1.0o Standard LaTeX Graphics (DPC,SPQR)

(/usr/share/texmf-texlive/tex/latex/graphics/trig.sty
Package: trig 1999/03/16 v1.09 sin cos tan (DPC)
)
(/etc/texmf/tex/latex/config/graphics.cfg
File: graphics.cfg 2009/08/28 v1.8 graphics configuration of TeX Live
)
Package graphics Info: Driver file: pdftex.def on input line 91.

(/usr/share/texmf-texlive/tex/latex/pdftex-def/pdftex.def
File: pdftex.def 2010/03/12 v0.04p Graphics/color for pdfTeX
\Gread@gobject=\count87
))
\Gin@req@height=\dimen103
\Gin@req@width=\dimen104
)
(/usr/share/texmf-texlive/tex/latex/fancyhdr/fancyhdr.sty
\fancy@headwidth=\skip43
\f@ncyO@elh=\skip44
\f@ncyO@erh=\skip45
\f@ncyO@olh=\skip46
\f@ncyO@orh=\skip47
\f@ncyO@elf=\skip48
\f@ncyO@erf=\skip49
\f@ncyO@olf=\skip50
\f@ncyO@orf=\skip51
)
(/usr/share/texmf-texlive/tex/latex/geometry/geometry.sty
Package: geometry 2008/12/21 v4.2 Page Geometry

(/usr/share/texmf-texlive/tex/generic/oberdiek/ifpdf.sty
Package: ifpdf 2009/04/10 v2.0 Provides the ifpdf switch (HO)
Package ifpdf Info: pdfTeX in pdf mode detected.
)
(/usr/share/texmf-texlive/tex/generic/oberdiek/ifvtex.sty
Package: ifvtex 2008/11/04 v1.4 Switches for detecting VTeX and its modes (HO)
Package ifvtex Info: VTeX not detected.
)
\Gm@cnth=\count88
\Gm@cntv=\count89
\c@Gm@tempcnt=\count90
\Gm@bindingoffset=\dimen105
\Gm@wd@mp=\dimen106
\Gm@odd@mp=\dimen107
\Gm@even@mp=\dimen108
\Gm@dimlist=\toks15
)
! Too many }'s.
l.16 }
      
? 
(./TUTORIAL.aux

LaTeX Warning: Label `vark:knud' multiply defined.

)
\openout1 = `TUTORIAL.aux'.

LaTeX Font Info:    Checking defaults for OML/cmm/m/it on input line 27.
LaTeX Font Info:    ... okay on input line 27.
LaTeX Font Info:    Checking defaults for T1/cmr/m/n on input line 27.
LaTeX Font Info:    ... okay on input line 27.
LaTeX Font Info:    Checking defaults for OT1/cmr/m/n on input line 27.
LaTeX Font Info:    ... okay on input line 27.
LaTeX Font Info:    Checking defaults for OMS/cmsy/m/n on input line 27.
LaTeX Font Info:    ... okay on input line 27.
LaTeX Font Info:    Checking defaults for OMX/cmex/m/n on input line 27.
LaTeX Font Info:    ... okay on input line 27.
LaTeX Font Info:    Checking defaults for U/cmr/m/n on input line 27.
LaTeX Font Info:    ... okay on input line 27.
 (/usr/share/texmf-texlive/tex/context/base/supp-pdf.mkii
[Loading MPS to PDF converter (version 2006.09.02).]
\scratchcounter=\count91
\scratchdimen=\dimen109
\scratchbox=\box26
\nofMPsegments=\count92
\nofMParguments=\count93
\everyMPshowfont=\toks16
\MPscratchCnt=\count94
\MPscratchDim=\dimen110
\MPnumerator=\count95
\everyMPtoPDFconversion=\toks17
)
*geometry auto-detecting driver*
*geometry detected driver: pdftex*
-------------------- Geometry parameters
paper: class default
landscape: --
twocolumn: --
twoside: --
asymmetric: --
h-parts: 93.95122pt, 426.39256pt, 93.95122pt
v-parts: 93.95122pt, 607.06755pt, 93.95122pt
hmarginratio: --
vmarginratio: --
lines: --
heightrounded: --
bindingoffset: 0.0pt
truedimen: --
includehead: --
includefoot: --
includemp: --
driver: pdftex
-------------------- Page layout dimensions and switches
\paperwidth  614.295pt
\paperheight 794.96999pt
\textwidth  426.39256pt
\textheight 607.06755pt
\oddsidemargin  21.68123pt
\evensidemargin 21.68123pt
\topmargin  -15.31877pt
\headheight 12.0pt
\headsep    25.0pt
\footskip   18.06749pt
\marginparwidth 65.0pt
\marginparsep   11.0pt
\columnsep  10.0pt
\skip\footins  9.0pt plus 4.0pt minus 2.0pt
\hoffset 0.0pt
\voffset 0.0pt
\mag 1000

(1in=72.27pt, 1cm=28.45pt)
-----------------------
LaTeX Font Info:    External font `cmex10' loaded for size
(Font)              <12> on input line 28.
LaTeX Font Info:    External font `cmex10' loaded for size
(Font)              <8> on input line 28.
LaTeX Font Info:    External font `cmex10' loaded for size
(Font)              <6> on input line 28.
[1

{/var/lib/texmf/fonts/map/pdftex/updmap/pdftex.map}] [1] (./TUTORIAL.toc
LaTeX Font Info:    External font `cmex10' loaded for size
(Font)              <7> on input line 7.
LaTeX Font Info:    External font `cmex10' loaded for size
(Font)              <5> on input line 7.
)
\tf@toc=\write3
\openout3 = `TUTORIAL.toc'.


[1] (./basic.tex
Underfull \hbox (badness 10000) in paragraph at lines 9--19

 []

[2]) [3] (./librecad.tex
Underfull \hbox (badness 10000) in paragraph at lines 7--8

 []

<./images/screen.png, id=23, 1310.8975pt x 768.8725pt>
File: ./images/screen.png Graphic file (type png)

<use ./images/screen.png>
Overfull \hbox (25.29659pt too wide) in paragraph at lines 11--12
 [][] 
 []


Underfull \hbox (badness 10000) in paragraph at lines 9--15

 []

[4 <./images/screen.png (PNG copy)>]
<./images/labelscreen.png, id=28, 983.17313pt x 618.81187pt>
File: ./images/labelscreen.png Graphic file (type png)

<use ./images/labelscreen.png>
Overfull \hbox (25.29659pt too wide) in paragraph at lines 28--29
 [][] 
 []


Underfull \hbox (badness 10000) in paragraph at lines 32--53

 []


Underfull \hbox (badness 10000) in paragraph at lines 32--53

 []


Underfull \hbox (badness 10000) in paragraph at lines 32--53

 []


Underfull \hbox (badness 10000) in paragraph at lines 32--53

 []


Underfull \hbox (badness 10000) in paragraph at lines 32--53

 []


Underfull \hbox (badness 10000) in paragraph at lines 32--53

 []


Underfull \hbox (badness 10000) in paragraph at lines 32--53

 []


Underfull \hbox (badness 10000) in paragraph at lines 32--53

 []

[5 <./images/labelscreen.png (PNG copy)>]
LaTeX Font Info:    Try loading font information for OMS+cmr on input line 55.

(/usr/share/texmf-texlive/tex/latex/base/omscmr.fd
File: omscmr.fd 1999/05/25 v2.5h Standard LaTeX font definitions
)
LaTeX Font Info:    Font shape `OMS/cmr/m/n' in size <10> not available
(Font)              Font shape `OMS/cmsy/m/n' tried instead on input line 55.

<./images/about.png, id=33, 503.8825pt x 525.965pt>
File: ./images/about.png Graphic file (type png)
 <use ./images/about.png>)
Underfull \hbox (badness 10000) in paragraph at lines 62--48

 []

[6] [7 <./images/about.png>] (./preparing.tex
<./images/edit.png, id=43, 452.69125pt x 331.2375pt>
File: ./images/edit.png Graphic file (type png)
 <use ./images/edit.png>
Underfull \hbox (badness 10000) in paragraph at lines 3--13

 []

<./images/draw_pref.png, id=44, 389.95688pt x 326.72063pt>
File: ./images/draw_pref.png Graphic file (type png)

<use ./images/draw_pref.png>
<./images/unitFormat.png, id=45, 519.9425pt x 435.6275pt>
File: ./images/unitFormat.png Graphic file (type png)

<use ./images/unitFormat.png> [8 <./images/edit.png (PNG copy)> <./images/draw_
pref.png (PNG copy)>] <./images/snap.png, id=49, 249.93375pt x 98.61844pt>
File: ./images/snap.png Graphic file (type png)

<use ./images/snap.png>
<./images/gridSet.png, id=50, 522.95375pt x 435.6275pt>
File: ./images/gridSet.png Graphic file (type png)

<use ./images/gridSet.png>
Overfull \hbox (2.2222pt too wide) in paragraph at lines 34--42
[]$[]$ $[]$ 
 []

[9 <./images/unitFormat.png> <./images/snap.png (PNG copy)> <./images/gridSet.p
ng (PNG copy)>] <./images/grid.png, id=55, 41.15375pt x 37.13875pt>
File: ./images/grid.png Graphic file (type png)

<use ./images/grid.png>
<./images/zoomPan.png, id=56, 202.50656pt x 73.02281pt>
File: ./images/zoomPan.png Graphic file (type png)

<use ./images/zoomPan.png>
<./images/dimen.png, id=57, 501.875pt x 201.75375pt>
File: ./images/dimen.png Graphic file (type png)
 <use ./images/dimen.png>
<./images/dimensions.png, id=58, 519.9425pt x 435.6275pt>
File: ./images/dimensions.png Graphic file (type png)

<use ./images/dimensions.png>

LaTeX Warning: `!h' float specifier changed to `!ht'.

<./images/layer_set.png, id=59, 329.73187pt x 110.66344pt>
File: ./images/layer_set.png Graphic file (type png)

<use ./images/layer_set.png> [10 <./images/grid.png (PNG copy)> <./images/zoomP
an.png (PNG copy)> <./images/dimen.png (PNG copy)>]) [11 <./images/dimensions.p
ng> <./images/layer_set.png (PNG copy)>] (./command.tex)
Underfull \hbox (badness 10000) in paragraph at lines 1--56

 []

[12] [13] (./play.tex <./images/point.png, id=74, 32.12pt x 36.135pt>
File: ./images/point.png Graphic file (type png)

<use ./images/point.png> <./images/line.png, id=75, 32.12pt x 31.11626pt>
File: ./images/line.png Graphic file (type png)

<use ./images/line.png> <./images/line2p.png, id=76, 35.13126pt x 34.1275pt>
File: ./images/line2p.png Graphic file (type png)

<use ./images/line2p.png> <./images/arc.png, id=77, 32.12pt x 31.11626pt>
File: ./images/arc.png Graphic file (type png)

<use ./images/arc.png> <./images/arc_cpa.png, id=78, 32.12pt x 33.12375pt>
File: ./images/arc_cpa.png Graphic file (type png)

<use ./images/arc_cpa.png> <./images/circle.png, id=79, 28.105pt x 31.11626pt>
File: ./images/circle.png Graphic file (type png)

<use ./images/circle.png>
<./images/circle_cp.png, id=80, 33.12375pt x 33.12375pt>
File: ./images/circle_cp.png Graphic file (type png)

<use ./images/circle_cp.png> [14 <./images/point.png (PNG copy)> <./images/line
.png (PNG copy)> <./images/line2p.png (PNG copy)> <./images/arc.png (PNG copy)>
 <./images/arc_cpa.png (PNG copy)> <./images/circle.png (PNG copy)> <./images/c
ircle_cp.png (PNG copy)>]
<./images/ellipse.png, id=84, 34.1275pt x 33.12375pt>
File: ./images/ellipse.png Graphic file (type png)

<use ./images/ellipse.png>
<./images/ellipse_c2p.png, id=85, 33.12375pt x 32.12pt>
File: ./images/ellipse_c2p.png Graphic file (type png)

<use ./images/ellipse_c2p.png>
<./images/polyline.png, id=86, 31.11626pt x 30.1125pt>
File: ./images/polyline.png Graphic file (type png)

<use ./images/polyline.png>
<./images/create_polyline.png, id=87, 32.12pt x 34.1275pt>
File: ./images/create_polyline.png Graphic file (type png)

<use ./images/create_polyline.png>
<./images/spline.png, id=88, 33.12375pt x 32.12pt>
File: ./images/spline.png Graphic file (type png)
 <use ./images/spline.png>
<./images/text.png, id=89, 33.12375pt x 34.1275pt>
File: ./images/text.png Graphic file (type png)
 <use ./images/text.png>
<./images/text_set.png, id=90, 623.32875pt x 484.81125pt>
File: ./images/text_set.png Graphic file (type png)

<use ./images/text_set.png>

LaTeX Warning: `!h' float specifier changed to `!ht'.

<./images/image.png, id=91, 33.12375pt x 33.12375pt>
File: ./images/image.png Graphic file (type png)
 <use ./images/image.png>
<./images/hatch.png, id=92, 33.12375pt x 33.12375pt>
File: ./images/hatch.png Graphic file (type png)
 <use ./images/hatch.png>
[15 <./images/ellipse.png (PNG copy)> <./images/ellipse_c2p.png (PNG copy)> <./
images/polyline.png (PNG copy)> <./images/create_polyline.png (PNG copy)> <./im
ages/spline.png (PNG copy)> <./images/text.png (PNG copy)> <./images/image.png 
(PNG copy)>] <./images/run.png, id=96, 68.255pt x 22.0825pt>
File: ./images/run.png Graphic file (type png)

<use ./images/run.png>) [16 <./images/text_set.png> <./images/hatch.png (PNG co
py)> <./images/run.png (PNG copy)>] (./draw.tex
<./images-yard/units.png, id=101, 519.9425pt x 435.6275pt>
File: ./images-yard/units.png Graphic file (type png)

<use ./images-yard/units.png>
<./images-yard/grid.png, id=102, 519.9425pt x 435.6275pt>
File: ./images-yard/grid.png Graphic file (type png)

<use ./images-yard/grid.png>
<./images-yard/snap.png, id=103, 1371.1225pt x 770.88pt>
File: ./images-yard/snap.png Graphic file (type png)

<use ./images-yard/snap.png> [17 <./images-yard/units.png> <./images-yard/grid.
png>] <./images-yard/layers.png, id=110, 134.5025pt x 336.25626pt>
File: ./images-yard/layers.png Graphic file (type png)

<use ./images-yard/layers.png>

LaTeX Warning: `!h' float specifier changed to `!ht'.

[18 <./images-yard/snap.png (PNG copy)> <./images-yard/layers.png (PNG copy)>]
[19] <./images-yard/lot.png, id=117, 87.32625pt x 60.225pt>
File: ./images-yard/lot.png Graphic file (type png)

<use ./images-yard/lot.png>
Underfull \hbox (badness 10000) in paragraph at lines 59--69

 []


Overfull \hbox (8.1039pt too wide) in paragraph at lines 81--81
 []\OT1/cmtt/m/n/10 Specify First point: <Pick lower Right corner of 'Lot' usin
g snap on endpoint>[] 
 []


Overfull \hbox (2.85394pt too wide) in paragraph at lines 81--81
 []\OT1/cmtt/m/n/10 Specify next Point: <Pick lower Right corner of 'Lot' using
 snap on endpoint>[] 
 []

<./images-yard/house-rt.png, id=118, 87.32625pt x 60.225pt>
File: ./images-yard/house-rt.png Graphic file (type png)

<use ./images-yard/house-rt.png>

LaTeX Warning: `!h' float specifier changed to `!ht'.

[20 <./images-yard/lot.png (PNG copy)>]
Overfull \hbox (50.10353pt too wide) in paragraph at lines 91--91
 []\OT1/cmtt/m/n/10 Specify to move: <Pick any point of house, whole house will
 be selected as one entity>[] 
 []


Overfull \hbox (50.10353pt too wide) in paragraph at lines 97--97
 []\OT1/cmtt/m/n/10 Specify to move: <Pick any point of house, whole house will
 be selected as one entity>[] 
 []

<./images-yard/house-mv.png, id=123, 89.58469pt x 60.225pt>
File: ./images-yard/house-mv.png Graphic file (type png)

<use ./images-yard/house-mv.png>
Overfull \hbox (18.6038pt too wide) in paragraph at lines 111--111
 []\OT1/cmtt/m/n/10 Specify First point: <Pick upper Right corner of 'House' us
ing Snap on Endpoint>[] 
 []

<./images-yard/round.png, id=124, 209.78375pt x 41.15375pt>
File: ./images-yard/round.png Graphic file (type png)

<use ./images-yard/round.png>
<./images-yard/round-c.png, id=125, 95.6072pt x 75.28125pt>
File: ./images-yard/round-c.png Graphic file (type png)

<use ./images-yard/round-c.png>

LaTeX Warning: `!h' float specifier changed to `!ht'.

[21 <./images-yard/house-rt.png (PNG copy)> <./images-yard/house-mv.png (PNG co
py)>]
Overfull \hbox (86.85321pt too wide) in paragraph at lines 125--125
 []\OT1/cmtt/m/n/10 Specify first point of Mirror Line:<pick a point vertical t
o house's left edge on right side>[] 
 []


Overfull \hbox (81.60326pt too wide) in paragraph at lines 125--125
 []\OT1/cmtt/m/n/10 Specify second point of Mirror Line:<pick a point vertical 
to house' left edge on left side>[] 
 []

<./images-yard/road.png, id=129, 95.6072pt x 75.28125pt>
File: ./images-yard/road.png Graphic file (type png)

<use ./images-yard/road.png>
<./images-yard/lawn-full.png, id=130, 95.6072pt x 75.28125pt>
File: ./images-yard/lawn-full.png Graphic file (type png)

<use ./images-yard/lawn-full.png> [22 <./images-yard/round-c.png (PNG copy)> <.
/images-yard/round.png (PNG copy)> <./images-yard/road.png (PNG copy)>]
<./images-yard/rotate.png, id=134, 406.51875pt x 282.05376pt>
File: ./images-yard/rotate.png Graphic file (type png)

<use ./images-yard/rotate.png>
<./images-yard/run.png, id=135, 68.255pt x 22.0825pt>
File: ./images-yard/run.png Graphic file (type png)

<use ./images-yard/run.png>
<./images-yard/tree.png, id=136, 95.6072pt x 75.28125pt>
File: ./images-yard/tree.png Graphic file (type png)

<use ./images-yard/tree.png>
Underfull \hbox (badness 10000) in paragraph at lines 156--174

 []

[23 <./images-yard/lawn-full.png (PNG copy)> <./images-yard/rotate.png>]
Overfull \hbox (29.10371pt too wide) in paragraph at lines 187--187
 []\OT1/cmtt/m/n/10 Specify First point: <Pick middle 'House' using Snap on Mid
dle and snap on Entity>[] 
 []


Overfull \hbox (18.6038pt too wide) in paragraph at lines 187--187
 []\OT1/cmtt/m/n/10 Specify next Point: <Now unselect Restrict Veritcal and sel
ect snap on Endpoint>[] 
 []


Overfull \hbox (433.35019pt too wide) in paragraph at lines 187--187
 []\OT1/cmtt/m/n/10 Specify next Point: <select point by selecting Restrict Ort
hogonaly, select the point by matching Crosshairs with the first line you creat
ed with same command>[] 
 []

<./images-yard/fense.png, id=142, 95.6072pt x 75.28125pt>
File: ./images-yard/fense.png Graphic file (type png)

<use ./images-yard/fense.png>

LaTeX Warning: `!h' float specifier changed to `!ht'.

<./images-yard/dimension.png, id=143, 594.22pt x 440.64626pt>
File: ./images-yard/dimension.png Graphic file (type png)

<use ./images-yard/dimension.png> [24 <./images-yard/run.png (PNG copy)> <./ima
ges-yard/tree.png (PNG copy)>] [25 <./images-yard/fense.png (PNG copy)> <./imag
es-yard/dimension.png (PNG copy)>]
<./images-yard/complete.png, id=150, 1309.89375pt x 746.79pt>
File: ./images-yard/complete.png Graphic file (type png)

<use ./images-yard/complete.png>
Overfull \hbox (25.29659pt too wide) in paragraph at lines 203--204
 [][] 
 []

) [26 <./images-yard/complete.png>] [27] (./TUTORIAL.aux)

LaTeX Warning: There were multiply-defined labels.

 ) 
Here is how much of TeX's memory you used:
 1702 strings out of 495061
 24294 string characters out of 1182621
 79753 words of memory out of 3000000
 4842 multiletter control sequences out of 15000+50000
 8714 words of font info for 31 fonts, out of 3000000 for 9000
 28 hyphenation exceptions out of 8191
 25i,10n,43p,722b,369s stack positions out of 5000i,500n,10000p,200000b,50000s
</usr/share/texmf-texlive/fonts/type1/public/amsfonts/cm/cmbx10.pfb></usr/sha
re/texmf-texlive/fonts/type1/public/amsfonts/cm/cmbx12.pfb></usr/share/texmf-te
xlive/fonts/type1/public/amsfonts/cm/cmmi10.pfb></usr/share/texmf-texlive/fonts
/type1/public/amsfonts/cm/cmr10.pfb></usr/share/texmf-texlive/fonts/type1/publi
c/amsfonts/cm/cmr12.pfb></usr/share/texmf-texlive/fonts/type1/public/amsfonts/c
m/cmr17.pfb></usr/share/texmf-texlive/fonts/type1/public/amsfonts/cm/cmsl9.pfb>
</usr/share/texmf-texlive/fonts/type1/public/amsfonts/cm/cmsy10.pfb></usr/share
/texmf-texlive/fonts/type1/public/amsfonts/cm/cmtt10.pfb>
Output written on TUTORIAL.pdf (29 pages, 1193237 bytes).
PDF statistics:
 187 PDF objects out of 1000 (max. 8388607)
 0 named destinations out of 1000 (max. 500000)
 236 words of extra memory for PDF output out of 10000 (max. 10000000)

